d:\github\cpp-playground\thecppprogramminglanguage\chapter7-pointerarrayreference\debug\vc120.pdb
d:\github\cpp-playground\thecppprogramminglanguage\chapter7-pointerarrayreference\debug\vc120.idb
d:\github\cpp-playground\thecppprogramminglanguage\chapter7-pointerarrayreference\debug\stdafx.obj
d:\github\cpp-playground\thecppprogramminglanguage\chapter7-pointerarrayreference\debug\chapter7-pointerarrayreference.obj
d:\github\cpp-playground\thecppprogramminglanguage\debug\chapter7-pointerarrayreference.ilk
d:\github\cpp-playground\thecppprogramminglanguage\debug\chapter7-pointerarrayreference.exe
d:\github\cpp-playground\thecppprogramminglanguage\debug\chapter7-pointerarrayreference.pdb
d:\glaxy-backup\workrelated\github\cpp-playground\thecppprogramminglanguage\chapter7-pointerarrayreference\debug\chapter7-pointerarrayreference.obj
d:\glaxy-backup\workrelated\github\cpp-playground\thecppprogramminglanguage\chapter7-pointerarrayreference\debug\stdafx.obj
d:\glaxy-backup\workrelated\github\cpp-playground\thecppprogramminglanguage\chapter7-pointerarrayreference\debug\vc120.idb
d:\glaxy-backup\workrelated\github\cpp-playground\thecppprogramminglanguage\chapter7-pointerarrayreference\debug\vc120.pdb
d:\glaxy-backup\workrelated\github\cpp-playground\thecppprogramminglanguage\debug\chapter7-pointerarrayreference.pdb
d:\glaxy-backup\workrelated\github\cpp-playground\thecppprogramminglanguage\debug\chapter7-pointerarrayreference.exe
d:\glaxy-backup\workrelated\github\cpp-playground\thecppprogramminglanguage\debug\chapter7-pointerarrayreference.ilk
d:\glaxy-backup\workrelated\github\cpp-playground\thecppprogramminglanguage\chapter7-pointerarrayreference\debug\chapter7.df07a42b.tlog\cl.command.1.tlog
d:\glaxy-backup\workrelated\github\cpp-playground\thecppprogramminglanguage\chapter7-pointerarrayreference\debug\chapter7.df07a42b.tlog\cl.read.1.tlog
d:\glaxy-backup\workrelated\github\cpp-playground\thecppprogramminglanguage\chapter7-pointerarrayreference\debug\chapter7.df07a42b.tlog\cl.write.1.tlog
d:\glaxy-backup\workrelated\github\cpp-playground\thecppprogramminglanguage\chapter7-pointerarrayreference\debug\chapter7.df07a42b.tlog\link.command.1.tlog
d:\glaxy-backup\workrelated\github\cpp-playground\thecppprogramminglanguage\chapter7-pointerarrayreference\debug\chapter7.df07a42b.tlog\link.read.1.tlog
d:\glaxy-backup\workrelated\github\cpp-playground\thecppprogramminglanguage\chapter7-pointerarrayreference\debug\chapter7.df07a42b.tlog\link.write.1.tlog
