d:\github\cpp-playground\thecppprogramminglanguage\chapter6-typesdeclarations\debug\vc120.pdb
d:\github\cpp-playground\thecppprogramminglanguage\chapter6-typesdeclarations\debug\vc120.idb
d:\github\cpp-playground\thecppprogramminglanguage\chapter6-typesdeclarations\debug\chapter6-typesdeclarations.obj
d:\github\cpp-playground\thecppprogramminglanguage\chapter6-typesdeclarations\debug\stdafx.obj
d:\github\cpp-playground\thecppprogramminglanguage\debug\chapter6-typesdeclarations.ilk
d:\github\cpp-playground\thecppprogramminglanguage\debug\chapter6-typesdeclarations.exe
d:\github\cpp-playground\thecppprogramminglanguage\debug\chapter6-typesdeclarations.pdb
d:\glaxy-backup\workrelated\github\cpp-playground\thecppprogramminglanguage\chapter6-typesdeclarations\debug\chapter6-typesdeclarations.obj
d:\glaxy-backup\workrelated\github\cpp-playground\thecppprogramminglanguage\chapter6-typesdeclarations\debug\stdafx.obj
d:\glaxy-backup\workrelated\github\cpp-playground\thecppprogramminglanguage\chapter6-typesdeclarations\debug\vc120.idb
d:\glaxy-backup\workrelated\github\cpp-playground\thecppprogramminglanguage\chapter6-typesdeclarations\debug\vc120.pdb
d:\glaxy-backup\workrelated\github\cpp-playground\thecppprogramminglanguage\debug\chapter6-typesdeclarations.pdb
d:\glaxy-backup\workrelated\github\cpp-playground\thecppprogramminglanguage\debug\chapter6-typesdeclarations.exe
d:\glaxy-backup\workrelated\github\cpp-playground\thecppprogramminglanguage\debug\chapter6-typesdeclarations.ilk
d:\glaxy-backup\workrelated\github\cpp-playground\thecppprogramminglanguage\chapter6-typesdeclarations\debug\chapter6.1ebe8b54.tlog\cl.command.1.tlog
d:\glaxy-backup\workrelated\github\cpp-playground\thecppprogramminglanguage\chapter6-typesdeclarations\debug\chapter6.1ebe8b54.tlog\cl.read.1.tlog
d:\glaxy-backup\workrelated\github\cpp-playground\thecppprogramminglanguage\chapter6-typesdeclarations\debug\chapter6.1ebe8b54.tlog\cl.write.1.tlog
d:\glaxy-backup\workrelated\github\cpp-playground\thecppprogramminglanguage\chapter6-typesdeclarations\debug\chapter6.1ebe8b54.tlog\link.command.1.tlog
d:\glaxy-backup\workrelated\github\cpp-playground\thecppprogramminglanguage\chapter6-typesdeclarations\debug\chapter6.1ebe8b54.tlog\link.read.1.tlog
d:\glaxy-backup\workrelated\github\cpp-playground\thecppprogramminglanguage\chapter6-typesdeclarations\debug\chapter6.1ebe8b54.tlog\link.write.1.tlog
