Build started 2015/5/6 下午 10:41:50.
     1>Project "D:\glaxy-backup\WorkRelated\GitHub\CPP-Playground\TheCppProgrammingLanguage\Chapter6-TypesDeclarations\Chapter6-TypesDeclarations.vcxproj" on node 2 (Rebuild target(s)).
     1>ClCompile:
         C:\Program Files (x86)\Microsoft Visual Studio 12.0\VC\bin\CL.exe /c /ZI /nologo /W3 /WX- /Od /Oy- /D WIN32 /D _DEBUG /D _CONSOLE /D _LIB /D _UNICODE /D UNICODE /Gm /EHsc /RTC1 /MDd /GS /fp:precise /Zc:wchar_t /Zc:forScope /Fo"Debug\\" /Fd"Debug\vc120.pdb" /Gd /TP /analyze- /errorReport:prompt "Chapter6-TypesDeclarations.cpp" stdafx.cpp
         stdafx.cpp
         Chapter6-TypesDeclarations.cpp
     1>d:\glaxy-backup\workrelated\github\cpp-playground\thecppprogramminglanguage\chapter6-typesdeclarations\chapter6-typesdeclarations.cpp(39): warning C4101: 'y' : unreferenced local variable
     1>d:\glaxy-backup\workrelated\github\cpp-playground\thecppprogramminglanguage\chapter6-typesdeclarations\chapter6-typesdeclarations.cpp(51): warning C4101: 'ch' : unreferenced local variable
     1>d:\glaxy-backup\workrelated\github\cpp-playground\thecppprogramminglanguage\chapter6-typesdeclarations\chapter6-typesdeclarations.cpp(40): warning C4101: 'yy' : unreferenced local variable
     1>d:\glaxy-backup\workrelated\github\cpp-playground\thecppprogramminglanguage\chapter6-typesdeclarations\chapter6-typesdeclarations.cpp(83): warning C4244: 'initializing' : conversion from 'double' to 'int', possible loss of data
     1>d:\glaxy-backup\workrelated\github\cpp-playground\thecppprogramminglanguage\chapter6-typesdeclarations\chapter6-typesdeclarations.cpp(95): warning C4101: 'x' : unreferenced local variable
     1>d:\glaxy-backup\workrelated\github\cpp-playground\thecppprogramminglanguage\chapter6-typesdeclarations\chapter6-typesdeclarations.cpp(96): warning C4101: 'buf' : unreferenced local variable
         Generating Code...
       Link:
         C:\Program Files (x86)\Microsoft Visual Studio 12.0\VC\bin\link.exe /ERRORREPORT:PROMPT /OUT:"D:\glaxy-backup\WorkRelated\GitHub\CPP-Playground\TheCppProgrammingLanguage\Debug\Chapter6-TypesDeclarations.exe" /INCREMENTAL /NOLOGO kernel32.lib user32.lib gdi32.lib winspool.lib comdlg32.lib advapi32.lib shell32.lib ole32.lib oleaut32.lib uuid.lib odbc32.lib odbccp32.lib /MANIFEST /MANIFESTUAC:"level='asInvoker' uiAccess='false'" /manifest:embed /DEBUG /PDB:"D:\glaxy-backup\WorkRelated\GitHub\CPP-Playground\TheCppProgrammingLanguage\Debug\Chapter6-TypesDeclarations.pdb" /SUBSYSTEM:CONSOLE /TLBID:1 /DYNAMICBASE /NXCOMPAT /IMPLIB:"D:\glaxy-backup\WorkRelated\GitHub\CPP-Playground\TheCppProgrammingLanguage\Debug\Chapter6-TypesDeclarations.lib" /MACHINE:X86 "Debug\Chapter6-TypesDeclarations.obj"
         Debug\stdafx.obj
         Chapter6-TypesDeclarations.vcxproj -> D:\glaxy-backup\WorkRelated\GitHub\CPP-Playground\TheCppProgrammingLanguage\Debug\Chapter6-TypesDeclarations.exe
     1>Done Building Project "D:\glaxy-backup\WorkRelated\GitHub\CPP-Playground\TheCppProgrammingLanguage\Chapter6-TypesDeclarations\Chapter6-TypesDeclarations.vcxproj" (Rebuild target(s)).

Build succeeded.

Time Elapsed 00:00:00.92
