Build started 2015/4/3 下午 10:03:48.
     1>Project "D:\glaxy-backup\WorkRelated\GitHub\CPP-Playground\CPP-Primer\Ch2\Ch2.vcxproj" on node 2 (Build target(s)).
     1>ClCompile:
         C:\Program Files (x86)\Microsoft Visual Studio 12.0\VC\bin\CL.exe /c /ZI /nologo /W3 /WX- /Od /Oy- /D WIN32 /D _DEBUG /D _CONSOLE /D _LIB /D _UNICODE /D UNICODE /Gm /EHsc /RTC1 /MDd /GS /fp:precise /Zc:wchar_t /Zc:forScope /Fo"Debug\\" /Fd"Debug\vc120.pdb" /Gd /TP /analyze- /errorReport:prompt Ch2.cpp
         Ch2.cpp
     1>d:\glaxy-backup\workrelated\github\cpp-playground\cpp-primer\ch2\ch2.cpp(36): warning C4244: 'initializing' : conversion from 'long double' to 'int', possible loss of data
     1>d:\glaxy-backup\workrelated\github\cpp-playground\cpp-primer\ch2\ch2.cpp(37): warning C4244: 'initializing' : conversion from 'long double' to 'int', possible loss of data
     1>d:\glaxy-backup\workrelated\github\cpp-playground\cpp-primer\ch2\ch2.cpp(60): error C2065: 'constexpr' : undeclared identifier
     1>d:\glaxy-backup\workrelated\github\cpp-playground\cpp-primer\ch2\ch2.cpp(60): error C2144: syntax error : 'int' should be preceded by ';'
     1>d:\glaxy-backup\workrelated\github\cpp-playground\cpp-primer\ch2\ch2.cpp(62): error C2065: 'constexpr' : undeclared identifier
     1>d:\glaxy-backup\workrelated\github\cpp-playground\cpp-primer\ch2\ch2.cpp(62): error C2144: syntax error : 'int' should be preceded by ';'
     1>d:\glaxy-backup\workrelated\github\cpp-playground\cpp-primer\ch2\ch2.cpp(62): error C2086: 'int i' : redefinition
                 d:\glaxy-backup\workrelated\github\cpp-playground\cpp-primer\ch2\ch2.cpp(39) : see declaration of 'i'
     1>d:\glaxy-backup\workrelated\github\cpp-playground\cpp-primer\ch2\ch2.cpp(64): error C2065: 'constexpr' : undeclared identifier
     1>d:\glaxy-backup\workrelated\github\cpp-playground\cpp-primer\ch2\ch2.cpp(64): error C2143: syntax error : missing ';' before 'const'
     1>d:\glaxy-backup\workrelated\github\cpp-playground\cpp-primer\ch2\ch2.cpp(65): error C2065: 'constexpr' : undeclared identifier
     1>d:\glaxy-backup\workrelated\github\cpp-playground\cpp-primer\ch2\ch2.cpp(65): error C2144: syntax error : 'int' should be preceded by ';'
     1>Done Building Project "D:\glaxy-backup\WorkRelated\GitHub\CPP-Playground\CPP-Primer\Ch2\Ch2.vcxproj" (Build target(s)) -- FAILED.

Build FAILED.

Time Elapsed 00:00:00.67
